2015/02/06 08:35:41 [error] [application] /site/login
in /home/paul/github/pcduinoV3_turbo/yii_php_pcduino/yii/pcduino/protected/controllers/PcduinoController.php (85)
in /home/paul/github/pcduinoV3_turbo/yii_php_pcduino/yii/pcduino/index.php (13)
2015/02/06 09:03:59 [error] [application] 1
in /home/paul/github/pcduinoV3_turbo/yii_php_pcduino/yii/pcduino/protected/controllers/PcduinoController.php (56)
in /home/paul/github/pcduinoV3_turbo/yii_php_pcduino/yii/pcduino/index.php (13)
2015/02/06 09:03:59 [error] [application] /pcduino/index.php
in /home/paul/github/pcduinoV3_turbo/yii_php_pcduino/yii/pcduino/protected/controllers/PcduinoController.php (56)
in /home/paul/github/pcduinoV3_turbo/yii_php_pcduino/yii/pcduino/index.php (13)
2015/02/06 09:03:59 [error] [application] /pcduino/
in /home/paul/github/pcduinoV3_turbo/yii_php_pcduino/yii/pcduino/protected/controllers/PcduinoController.php (56)
in /home/paul/github/pcduinoV3_turbo/yii_php_pcduino/yii/pcduino/index.php (13)
2015/02/06 09:04:01 [error] [exception.CException] exception 'CException' with message '属性 "PcduinoController.model" 未被定义.' in /home/paul/github/pcduinoV3_turbo/yii_php_pcduino/yii/framework/base/CComponent.php:130
Stack trace:
#0 /home/paul/github/pcduinoV3_turbo/yii_php_pcduino/yii/pcduino/protected/views/pcduino/pcduinoWaitSettingApply.php(15): CComponent->__get('model')
#1 /home/paul/github/pcduinoV3_turbo/yii_php_pcduino/yii/framework/web/CBaseController.php(126): require('/home/paul/gith...')
#2 /home/paul/github/pcduinoV3_turbo/yii_php_pcduino/yii/framework/web/CBaseController.php(95): CBaseController->renderInternal('/home/paul/gith...', Array, true)
#3 /home/paul/github/pcduinoV3_turbo/yii_php_pcduino/yii/framework/web/CController.php(869): CBaseController->renderFile('/home/paul/gith...', Array, true)
#4 /home/paul/github/pcduinoV3_turbo/yii_php_pcduino/yii/framework/web/CController.php(782): CController->renderPartial('pcduinoWaitSett...', Array, true)
#5 /home/paul/github/pcduinoV3_turbo/yii_php_pcduino/yii/pcduino/protected/controllers/PcduinoController.php(91): CController->render('pcduinoWaitSett...', Array)
#6 /home/paul/github/pcduinoV3_turbo/yii_php_pcduino/yii/framework/web/actions/CInlineAction.php(49): PcduinoController->actionSetting()
#7 /home/paul/github/pcduinoV3_turbo/yii_php_pcduino/yii/framework/web/CController.php(308): CInlineAction->runWithParams(Array)
#8 /home/paul/github/pcduinoV3_turbo/yii_php_pcduino/yii/framework/web/CController.php(286): CController->runAction(Object(CInlineAction))
#9 /home/paul/github/pcduinoV3_turbo/yii_php_pcduino/yii/framework/web/CController.php(265): CController->runActionWithFilters(Object(CInlineAction), Array)
#10 /home/paul/github/pcduinoV3_turbo/yii_php_pcduino/yii/framework/web/CWebApplication.php(287): CController->run('Setting')
#11 /home/paul/github/pcduinoV3_turbo/yii_php_pcduino/yii/framework/web/CWebApplication.php(146): CWebApplication->runController('pcduino/Setting')
#12 /home/paul/github/pcduinoV3_turbo/yii_php_pcduino/yii/framework/base/CApplication.php(169): CWebApplication->processRequest()
#13 /home/paul/github/pcduinoV3_turbo/yii_php_pcduino/yii/pcduino/index.php(13): CApplication->run()
#14 {main}
REQUEST_URI=/pcduino/index.php?r=pcduino/Setting
HTTP_REFERER=http://192.168.254.136/pcduino/index.php?r=pcduino/Setting
---
2015/02/06 09:04:49 [error] [exception.CException] exception 'CException' with message '属性 "PcduinoController.data" 未被定义.' in /home/paul/github/pcduinoV3_turbo/yii_php_pcduino/yii/framework/base/CComponent.php:130
Stack trace:
#0 /home/paul/github/pcduinoV3_turbo/yii_php_pcduino/yii/pcduino/protected/views/pcduino/pcduinoWaitSettingApply.php(15): CComponent->__get('data')
#1 /home/paul/github/pcduinoV3_turbo/yii_php_pcduino/yii/framework/web/CBaseController.php(126): require('/home/paul/gith...')
#2 /home/paul/github/pcduinoV3_turbo/yii_php_pcduino/yii/framework/web/CBaseController.php(95): CBaseController->renderInternal('/home/paul/gith...', Array, true)
#3 /home/paul/github/pcduinoV3_turbo/yii_php_pcduino/yii/framework/web/CController.php(869): CBaseController->renderFile('/home/paul/gith...', Array, true)
#4 /home/paul/github/pcduinoV3_turbo/yii_php_pcduino/yii/framework/web/CController.php(782): CController->renderPartial('pcduinoWaitSett...', Array, true)
#5 /home/paul/github/pcduinoV3_turbo/yii_php_pcduino/yii/pcduino/protected/controllers/PcduinoController.php(91): CController->render('pcduinoWaitSett...', Array)
#6 /home/paul/github/pcduinoV3_turbo/yii_php_pcduino/yii/framework/web/actions/CInlineAction.php(49): PcduinoController->actionSetting()
#7 /home/paul/github/pcduinoV3_turbo/yii_php_pcduino/yii/framework/web/CController.php(308): CInlineAction->runWithParams(Array)
#8 /home/paul/github/pcduinoV3_turbo/yii_php_pcduino/yii/framework/web/CController.php(286): CController->runAction(Object(CInlineAction))
#9 /home/paul/github/pcduinoV3_turbo/yii_php_pcduino/yii/framework/web/CController.php(265): CController->runActionWithFilters(Object(CInlineAction), Array)
#10 /home/paul/github/pcduinoV3_turbo/yii_php_pcduino/yii/framework/web/CWebApplication.php(287): CController->run('Setting')
#11 /home/paul/github/pcduinoV3_turbo/yii_php_pcduino/yii/framework/web/CWebApplication.php(146): CWebApplication->runController('pcduino/Setting')
#12 /home/paul/github/pcduinoV3_turbo/yii_php_pcduino/yii/framework/base/CApplication.php(169): CWebApplication->processRequest()
#13 /home/paul/github/pcduinoV3_turbo/yii_php_pcduino/yii/pcduino/index.php(13): CApplication->run()
#14 {main}
REQUEST_URI=/pcduino/index.php?r=pcduino/Setting
HTTP_REFERER=http://192.168.254.136/pcduino/index.php?r=pcduino/Setting
---
2015/02/06 09:05:05 [error] [php] Undefined variable: data (/home/paul/github/pcduinoV3_turbo/yii_php_pcduino/yii/pcduino/protected/views/pcduino/pcduinoWaitSettingApply.php:15)
Stack trace:
#0 /home/paul/github/pcduinoV3_turbo/yii_php_pcduino/yii/framework/web/CController.php(869): PcduinoController->renderFile()
#1 /home/paul/github/pcduinoV3_turbo/yii_php_pcduino/yii/framework/web/CController.php(782): PcduinoController->renderPartial()
#2 /home/paul/github/pcduinoV3_turbo/yii_php_pcduino/yii/pcduino/protected/controllers/PcduinoController.php(91): PcduinoController->render()
#3 /home/paul/github/pcduinoV3_turbo/yii_php_pcduino/yii/framework/web/actions/CInlineAction.php(49): PcduinoController->actionSetting()
#4 /home/paul/github/pcduinoV3_turbo/yii_php_pcduino/yii/framework/web/CController.php(308): CInlineAction->runWithParams()
#5 /home/paul/github/pcduinoV3_turbo/yii_php_pcduino/yii/framework/web/CController.php(286): PcduinoController->runAction()
#6 /home/paul/github/pcduinoV3_turbo/yii_php_pcduino/yii/framework/web/CController.php(265): PcduinoController->runActionWithFilters()
#7 /home/paul/github/pcduinoV3_turbo/yii_php_pcduino/yii/framework/web/CWebApplication.php(287): PcduinoController->run()
#8 /home/paul/github/pcduinoV3_turbo/yii_php_pcduino/yii/framework/web/CWebApplication.php(146): CWebApplication->runController()
#9 /home/paul/github/pcduinoV3_turbo/yii_php_pcduino/yii/framework/base/CApplication.php(169): CWebApplication->processRequest()
#10 /home/paul/github/pcduinoV3_turbo/yii_php_pcduino/yii/pcduino/index.php(13): CWebApplication->run()
REQUEST_URI=/pcduino/index.php?r=pcduino/Setting
in /home/paul/github/pcduinoV3_turbo/yii_php_pcduino/yii/pcduino/protected/views/pcduino/pcduinoWaitSettingApply.php (15)
in /home/paul/github/pcduinoV3_turbo/yii_php_pcduino/yii/pcduino/protected/controllers/PcduinoController.php (91)
in /home/paul/github/pcduinoV3_turbo/yii_php_pcduino/yii/pcduino/index.php (13)
2015/02/06 09:15:56 [error] [php] Undefined variable: data_model (/home/paul/github/pcduinoV3_turbo/yii_php_pcduino/yii/pcduino/protected/views/pcduino/pcduinoWaitSettingApply.php:15)
Stack trace:
#0 /home/paul/github/pcduinoV3_turbo/yii_php_pcduino/yii/framework/web/CController.php(869): PcduinoController->renderFile()
#1 /home/paul/github/pcduinoV3_turbo/yii_php_pcduino/yii/framework/web/CController.php(782): PcduinoController->renderPartial()
#2 /home/paul/github/pcduinoV3_turbo/yii_php_pcduino/yii/pcduino/protected/controllers/PcduinoController.php(91): PcduinoController->render()
#3 /home/paul/github/pcduinoV3_turbo/yii_php_pcduino/yii/framework/web/actions/CInlineAction.php(49): PcduinoController->actionSetting()
#4 /home/paul/github/pcduinoV3_turbo/yii_php_pcduino/yii/framework/web/CController.php(308): CInlineAction->runWithParams()
#5 /home/paul/github/pcduinoV3_turbo/yii_php_pcduino/yii/framework/web/CController.php(286): PcduinoController->runAction()
#6 /home/paul/github/pcduinoV3_turbo/yii_php_pcduino/yii/framework/web/CController.php(265): PcduinoController->runActionWithFilters()
#7 /home/paul/github/pcduinoV3_turbo/yii_php_pcduino/yii/framework/web/CWebApplication.php(287): PcduinoController->run()
#8 /home/paul/github/pcduinoV3_turbo/yii_php_pcduino/yii/framework/web/CWebApplication.php(146): CWebApplication->runController()
#9 /home/paul/github/pcduinoV3_turbo/yii_php_pcduino/yii/framework/base/CApplication.php(169): CWebApplication->processRequest()
#10 /home/paul/github/pcduinoV3_turbo/yii_php_pcduino/yii/pcduino/index.php(13): CWebApplication->run()
REQUEST_URI=/pcduino/index.php?r=pcduino/Setting
in /home/paul/github/pcduinoV3_turbo/yii_php_pcduino/yii/pcduino/protected/views/pcduino/pcduinoWaitSettingApply.php (15)
in /home/paul/github/pcduinoV3_turbo/yii_php_pcduino/yii/pcduino/protected/controllers/PcduinoController.php (91)
in /home/paul/github/pcduinoV3_turbo/yii_php_pcduino/yii/pcduino/index.php (13)
2015/02/06 09:20:38 [error] [php] Undefined variable: data_model (/home/paul/github/pcduinoV3_turbo/yii_php_pcduino/yii/framework/web/CBaseController.php:121)
Stack trace:
#0 /home/paul/github/pcduinoV3_turbo/yii_php_pcduino/yii/framework/web/CController.php(782): PcduinoController->renderPartial()
#1 /home/paul/github/pcduinoV3_turbo/yii_php_pcduino/yii/pcduino/protected/controllers/PcduinoController.php(91): PcduinoController->render()
#2 /home/paul/github/pcduinoV3_turbo/yii_php_pcduino/yii/framework/web/actions/CInlineAction.php(49): PcduinoController->actionSetting()
#3 /home/paul/github/pcduinoV3_turbo/yii_php_pcduino/yii/framework/web/CController.php(308): CInlineAction->runWithParams()
#4 /home/paul/github/pcduinoV3_turbo/yii_php_pcduino/yii/framework/web/CController.php(286): PcduinoController->runAction()
#5 /home/paul/github/pcduinoV3_turbo/yii_php_pcduino/yii/framework/web/CController.php(265): PcduinoController->runActionWithFilters()
#6 /home/paul/github/pcduinoV3_turbo/yii_php_pcduino/yii/framework/web/CWebApplication.php(287): PcduinoController->run()
#7 /home/paul/github/pcduinoV3_turbo/yii_php_pcduino/yii/framework/web/CWebApplication.php(146): CWebApplication->runController()
#8 /home/paul/github/pcduinoV3_turbo/yii_php_pcduino/yii/framework/base/CApplication.php(169): CWebApplication->processRequest()
#9 /home/paul/github/pcduinoV3_turbo/yii_php_pcduino/yii/pcduino/index.php(13): CWebApplication->run()
REQUEST_URI=/pcduino/index.php?r=pcduino/Setting
in /home/paul/github/pcduinoV3_turbo/yii_php_pcduino/yii/pcduino/protected/controllers/PcduinoController.php (91)
in /home/paul/github/pcduinoV3_turbo/yii_php_pcduino/yii/pcduino/index.php (13)
2015/02/06 09:21:12 [error] [php] Object of class PcduinoSetting could not be converted to string (/home/paul/github/pcduinoV3_turbo/yii_php_pcduino/yii/framework/YiiBase.php:470)
Stack trace:
#0 /home/paul/github/pcduinoV3_turbo/yii_php_pcduino/yii/framework/web/CController.php(869): PcduinoController->renderFile()
#1 /home/paul/github/pcduinoV3_turbo/yii_php_pcduino/yii/framework/web/CController.php(782): PcduinoController->renderPartial()
#2 /home/paul/github/pcduinoV3_turbo/yii_php_pcduino/yii/pcduino/protected/controllers/PcduinoController.php(91): PcduinoController->render()
#3 /home/paul/github/pcduinoV3_turbo/yii_php_pcduino/yii/framework/web/actions/CInlineAction.php(49): PcduinoController->actionSetting()
#4 /home/paul/github/pcduinoV3_turbo/yii_php_pcduino/yii/framework/web/CController.php(308): CInlineAction->runWithParams()
#5 /home/paul/github/pcduinoV3_turbo/yii_php_pcduino/yii/framework/web/CController.php(286): PcduinoController->runAction()
#6 /home/paul/github/pcduinoV3_turbo/yii_php_pcduino/yii/framework/web/CController.php(265): PcduinoController->runActionWithFilters()
#7 /home/paul/github/pcduinoV3_turbo/yii_php_pcduino/yii/framework/web/CWebApplication.php(287): PcduinoController->run()
#8 /home/paul/github/pcduinoV3_turbo/yii_php_pcduino/yii/framework/web/CWebApplication.php(146): CWebApplication->runController()
#9 /home/paul/github/pcduinoV3_turbo/yii_php_pcduino/yii/framework/base/CApplication.php(169): CWebApplication->processRequest()
#10 /home/paul/github/pcduinoV3_turbo/yii_php_pcduino/yii/pcduino/index.php(13): CWebApplication->run()
REQUEST_URI=/pcduino/index.php?r=pcduino/Setting
in /home/paul/github/pcduinoV3_turbo/yii_php_pcduino/yii/pcduino/protected/controllers/PcduinoController.php (91)
in /home/paul/github/pcduinoV3_turbo/yii_php_pcduino/yii/pcduino/index.php (13)
